<?xml version="1.0" encoding="utf-8"?><testsuites name="pytest tests"><testsuite name="pytest" errors="0" failures="0" skipped="0" tests="6" time="15.034" timestamp="2026-04-27T11:00:44.263851+00:00" hostname="agent-env-ba377686-027c-4981-b9b1-dd397b360666"><testcase classname="backend.tests.test_backend_api.TestHealth" name="test_health_returns_ok" time="0.225" /><testcase classname="backend.tests.test_backend_api.TestHealth" name="test_root" time="0.157" /><testcase classname="backend.tests.test_backend_api.TestEvents" name="test_generate_viral_trend_italian" time="3.111" /><testcase classname="backend.tests.test_backend_api.TestEvents" name="test_generate_viral_trend_english" time="2.418" /><testcase classname="backend.tests.test_backend_api.TestEvents" name="test_generate_market_crash" time="2.224" /><testcase classname="backend.tests.test_backend_api.TestEvents" name="test_generate_unknown_event_type_fallbacks" time="6.748" /></testsuite></testsuites>